<?xml version="1.0" encoding="UTF-8"?>
<testng-results ignored="0" total="3" passed="3" failed="0" skipped="0">
  <reporter-output>
  </reporter-output>
  <suite started-at="2023-11-20T18:35:17 IST" name="Suite" finished-at="2023-11-20T18:35:20 IST" duration-ms="2404">
    <groups>
    </groups>
    <test started-at="2023-11-20T18:35:17 IST" name="Test" finished-at="2023-11-20T18:35:20 IST" duration-ms="2404">
      <class name="modules.ApplyLeave">
        <test-method signature="applyLeaveIcon()[pri:1, instance:modules.ApplyLeave@1965539b]" started-at="2023-11-20T18:35:17 IST" name="applyLeaveIcon" finished-at="2023-11-20T18:35:18 IST" duration-ms="773" status="PASS">
          <reporter-output>
          </reporter-output>
        </test-method> <!-- applyLeaveIcon -->
        <test-method signature="leaveListButton()[pri:2, instance:modules.ApplyLeave@1965539b]" started-at="2023-11-20T18:35:18 IST" name="leaveListButton" finished-at="2023-11-20T18:35:19 IST" duration-ms="1056" status="PASS">
          <reporter-output>
          </reporter-output>
        </test-method> <!-- leaveListButton -->
      </class> <!-- modules.ApplyLeave -->
      <class name="modules.MyTimesheet">
        <test-method signature="myTimeSheetIcon()[pri:0, instance:modules.MyTimesheet@58a120b0]" started-at="2023-11-20T18:35:19 IST" name="myTimeSheetIcon" finished-at="2023-11-20T18:35:20 IST" duration-ms="496" status="PASS">
          <reporter-output>
          </reporter-output>
        </test-method> <!-- myTimeSheetIcon -->
      </class> <!-- modules.MyTimesheet -->
    </test> <!-- Test -->
  </suite> <!-- Suite -->
</testng-results>
