<?xml version="1.0" encoding="UTF-8"?>
<!-- Generated by org.testng.reporters.JUnitXMLReporter -->
<testsuite ignored="0" hostname="Rishi" failures="0" tests="3" name="Test" time="2.535" errors="0" timestamp="2023-11-17T19:44:58 IST">
  <testcase classname="modules.ApplyLeave" name="applyLeaveIcon" time="0.559"/>
  <testcase classname="modules.ApplyLeave" name="leaveListButton" time="1.243"/>
  <testcase classname="modules.MyTimesheet" name="myTimeSheetIcon" time="0.658"/>
</testsuite> <!-- Test -->
