<?xml version="1.0" encoding="UTF-8"?>
<!-- Generated by org.testng.reporters.JUnitXMLReporter -->
<testsuite ignored="0" hostname="Rishi" failures="0" tests="3" name="Test" time="2.404" errors="0" timestamp="2023-11-20T18:35:20 IST">
  <testcase classname="modules.ApplyLeave" name="applyLeaveIcon" time="0.773"/>
  <testcase classname="modules.ApplyLeave" name="leaveListButton" time="1.056"/>
  <testcase classname="modules.MyTimesheet" name="myTimeSheetIcon" time="0.496"/>
</testsuite> <!-- Test -->
