<?xml version="1.0" encoding="UTF-8"?>
<testng-results ignored="0" total="3" passed="3" failed="0" skipped="0">
  <reporter-output>
  </reporter-output>
  <suite started-at="2023-11-17T19:44:55 IST" name="Suite" finished-at="2023-11-17T19:44:58 IST" duration-ms="2535">
    <groups>
    </groups>
    <test started-at="2023-11-17T19:44:55 IST" name="Test" finished-at="2023-11-17T19:44:58 IST" duration-ms="2535">
      <class name="modules.ApplyLeave">
        <test-method signature="applyLeaveIcon()[pri:1, instance:modules.ApplyLeave@7eb6b6b6]" started-at="2023-11-17T19:44:55 IST" name="applyLeaveIcon" finished-at="2023-11-17T19:44:56 IST" duration-ms="559" status="PASS">
          <reporter-output>
          </reporter-output>
        </test-method> <!-- applyLeaveIcon -->
        <test-method signature="leaveListButton()[pri:2, instance:modules.ApplyLeave@7eb6b6b6]" started-at="2023-11-17T19:44:56 IST" name="leaveListButton" finished-at="2023-11-17T19:44:57 IST" duration-ms="1243" status="PASS">
          <reporter-output>
          </reporter-output>
        </test-method> <!-- leaveListButton -->
      </class> <!-- modules.ApplyLeave -->
      <class name="modules.MyTimesheet">
        <test-method signature="myTimeSheetIcon()[pri:0, instance:modules.MyTimesheet@1a6cf771]" started-at="2023-11-17T19:44:57 IST" name="myTimeSheetIcon" finished-at="2023-11-17T19:44:58 IST" duration-ms="658" status="PASS">
          <reporter-output>
          </reporter-output>
        </test-method> <!-- myTimeSheetIcon -->
      </class> <!-- modules.MyTimesheet -->
    </test> <!-- Test -->
  </suite> <!-- Suite -->
</testng-results>
